<?xml version="1.0" encoding="UTF-8"?>
<!-- Generated by org.testng.reporters.JUnitReportReporter -->
<testsuite hostname="LAPTOP-NBCD1KMT" failures="0" tests="2" name="TestCase.TestCase9" time="12.999" errors="0" timestamp="2024-03-04T12:31:55 IST" skipped="0">
  <testcase classname="TestCase.TestCase9" name="InitializeBrowser" time="5.430"/>
  <testcase classname="TestCase.TestCase9" name="FunctionalTest" time="7.569"/>
</testsuite> <!-- TestCase.TestCase9 -->
