<?xml version="1.0" encoding="UTF-8"?>
<!-- Generated by org.testng.reporters.JUnitReportReporter -->
<testsuite hostname="LAPTOP-NBCD1KMT" failures="0" tests="2" name="TestCase.TestCase25" time="17.372" errors="0" timestamp="2024-03-06T12:59:59 IST" skipped="0">
  <testcase classname="TestCase.TestCase25" name="initializeBrowser" time="4.845"/>
  <testcase classname="TestCase.TestCase25" name="login" time="12.527"/>
</testsuite> <!-- TestCase.TestCase25 -->
