<?xml version="1.0" encoding="UTF-8"?>
<!-- Generated by org.testng.reporters.JUnitReportReporter -->
<testsuite hostname="LAPTOP-NBCD1KMT" failures="0" tests="3" name="TestCase.TestCase22" time="22.002" errors="0" timestamp="2024-03-09T11:42:31 IST" skipped="0">
  <testcase classname="TestCase.TestCase22" name="initializeBrowser" time="4.912"/>
  <testcase classname="TestCase.TestCase22" name="functionaltest" time="16.701"/>
  <testcase classname="TestCase.TestCase22" name="logout" time="0.389"/>
</testsuite> <!-- TestCase.TestCase22 -->
