<?xml version="1.0" encoding="UTF-8"?>
<!-- Generated by org.testng.reporters.JUnitReportReporter -->
<testsuite hostname="LAPTOP-NBCD1KMT" failures="0" tests="3" name="TestCase.TestCase20" time="27.743" errors="0" timestamp="2024-03-09T15:47:43 IST" skipped="0">
  <testcase classname="TestCase.TestCase20" name="initializeBrowser" time="7.292"/>
  <testcase classname="TestCase.TestCase20" name="functionaltest" time="19.912"/>
  <testcase classname="TestCase.TestCase20" name="logout" time="0.539"/>
</testsuite> <!-- TestCase.TestCase20 -->
