<?xml version="1.0" encoding="UTF-8"?>
<!-- Generated by org.testng.reporters.JUnitReportReporter -->
<testsuite hostname="LAPTOP-NBCD1KMT" failures="0" tests="2" name="TestCase.TestCase14" time="12.049" errors="0" timestamp="2024-03-04T15:11:37 IST" skipped="0">
  <testcase classname="TestCase.TestCase14" name="initializeBrowser" time="6.105"/>
  <testcase classname="TestCase.TestCase14" name="functionaltest" time="5.944"/>
</testsuite> <!-- TestCase.TestCase14 -->
