<?xml version="1.0" encoding="UTF-8"?>
<!-- Generated by org.testng.reporters.JUnitReportReporter -->
<testsuite hostname="LAPTOP-NBCD1KMT" failures="0" tests="2" name="TestCase.TestCase15" time="19.325" errors="0" timestamp="2024-03-08T12:21:31 IST" skipped="0">
  <testcase classname="TestCase.TestCase15" name="initializeBrowser" time="4.911"/>
  <testcase classname="TestCase.TestCase15" name="functionaltest" time="14.414"/>
</testsuite> <!-- TestCase.TestCase15 -->
