<?xml version="1.0" encoding="UTF-8"?>
<!-- Generated by org.testng.reporters.JUnitReportReporter -->
<testsuite hostname="LAPTOP-NBCD1KMT" failures="0" tests="2" name="TestCase.TestCase12" time="14.717" errors="0" timestamp="2024-03-04T12:55:38 IST" skipped="0">
  <testcase classname="TestCase.TestCase12" name="initializeBrowser" time="7.118"/>
  <testcase classname="TestCase.TestCase12" name="functionaltest" time="7.599"/>
</testsuite> <!-- TestCase.TestCase12 -->
