<?xml version="1.0" encoding="UTF-8"?>
<!-- Generated by org.testng.reporters.JUnitReportReporter -->
<testsuite hostname="LAPTOP-NBCD1KMT" failures="0" tests="2" name="TestCase.TestCase13" time="22.254" errors="0" timestamp="2024-03-04T13:27:34 IST" skipped="0">
  <testcase classname="TestCase.TestCase13" name="initializeBrowser" time="6.558"/>
  <testcase classname="TestCase.TestCase13" name="functionaltest" time="15.696"/>
</testsuite> <!-- TestCase.TestCase13 -->
