<?xml version="1.0" encoding="UTF-8"?>
<!-- Generated by org.testng.reporters.JUnitReportReporter -->
<testsuite hostname="LAPTOP-NBCD1KMT" failures="0" tests="3" name="TestCase.TestCase10" time="28.535" errors="0" timestamp="2024-03-02T18:32:31 IST" skipped="0">
  <testcase classname="TestCase.TestCase10" name="initializeBrowser" time="5.911"/>
  <testcase classname="TestCase.TestCase10" name="login" time="13.527"/>
  <testcase classname="TestCase.TestCase10" name="functionaltest" time="9.097"/>
</testsuite> <!-- TestCase.TestCase10 -->
