<?xml version="1.0" encoding="UTF-8"?>
<!-- Generated by org.testng.reporters.JUnitReportReporter -->
<testsuite hostname="LAPTOP-NBCD1KMT" failures="0" tests="2" name="TestCase.TestCase15_1" time="22.631" errors="0" timestamp="2024-03-05T18:16:24 IST" skipped="0">
  <testcase classname="TestCase.TestCase15_1" name="initializeBrowser" time="8.848"/>
  <testcase classname="TestCase.TestCase15_1" name="functionaltest" time="13.783"/>
</testsuite> <!-- TestCase.TestCase15_1 -->
