<?xml version="1.0" encoding="UTF-8"?>
<!-- Generated by org.testng.reporters.JUnitReportReporter -->
<testsuite hostname="LAPTOP-NBCD1KMT" failures="0" tests="3" name="TestCase.TestCase16" time="16.707" errors="0" timestamp="2024-03-07T17:13:40 IST" skipped="0">
  <testcase classname="TestCase.TestCase16" name="initializeBrowser" time="5.624"/>
  <testcase classname="TestCase.TestCase16" name="login" time="9.667"/>
  <testcase classname="TestCase.TestCase16" name="functionaltest" time="1.416"/>
</testsuite> <!-- TestCase.TestCase16 -->
