<?xml version="1.0" encoding="UTF-8"?>
<!-- Generated by org.testng.reporters.JUnitReportReporter -->
<testsuite hostname="LAPTOP-NBCD1KMT" failures="0" tests="1" name="TestCase.ExcelUtility" time="1.596" errors="0" timestamp="2024-03-01T14:10:21 IST" skipped="0">
  <testcase classname="TestCase.ExcelUtility" name="credentials" time="1.596"/>
</testsuite> <!-- TestCase.ExcelUtility -->
