<?xml version="1.0" encoding="UTF-8"?>
<!-- Generated by org.testng.reporters.JUnitReportReporter -->
<testsuite hostname="LAPTOP-NBCD1KMT" failures="0" tests="2" name="TestCase.TestCase18" time="29.510" errors="0" timestamp="2024-03-09T09:52:07 IST" skipped="0">
  <testcase classname="TestCase.TestCase18" name="initializeBrowser" time="5.449"/>
  <testcase classname="TestCase.TestCase18" name="functionaltest" time="24.061"/>
</testsuite> <!-- TestCase.TestCase18 -->
