<?xml version="1.0" encoding="UTF-8"?>
<!-- Generated by org.testng.reporters.JUnitReportReporter -->
<testsuite hostname="LAPTOP-NBCD1KMT" failures="0" tests="2" name="TestCase.TestCase26" time="24.471" errors="0" timestamp="2024-03-09T16:38:36 IST" skipped="0">
  <testcase classname="TestCase.TestCase26" name="initializeBrowser" time="14.680"/>
  <testcase classname="TestCase.TestCase26" name="login" time="9.791"/>
</testsuite> <!-- TestCase.TestCase26 -->
