<?xml version="1.0" encoding="UTF-8"?>
<!-- Generated by org.testng.reporters.JUnitReportReporter -->
<testsuite hostname="LAPTOP-NBCD1KMT" failures="0" tests="2" name="TestCase.TestCase19" time="24.963" errors="0" timestamp="2024-03-09T10:11:48 IST" skipped="0">
  <testcase classname="TestCase.TestCase19" name="initializeBrowser" time="5.475"/>
  <testcase classname="TestCase.TestCase19" name="functionaltest" time="19.488"/>
</testsuite> <!-- TestCase.TestCase19 -->
